<?xml version="1.0" encoding="UTF-8"?>
<!-- Generated by org.testng.reporters.JUnitReportReporter -->
<testsuite hostname="EPESMALW03F9" failures="0" tests="4" name="test.SuiteTestCases" time="83.494" errors="0" timestamp="2023-02-04T14:20:03 CET" skipped="0">
  <testcase classname="test.SuiteTestCases" name="isPhoneNumberSame" time="22.505"/>
  <system-out/>
  <testcase classname="test.SuiteTestCases" name="isTextShowingMultipleTimes" time="20.881"/>
  <system-out/>
  <testcase classname="test.SuiteTestCases" name="isWarningMessageshow" time="18.395"/>
  <system-out/>
  <testcase classname="test.SuiteTestCases" name="isMonthsRetrieved" time="21.713"/>
  <system-out/>
</testsuite> <!-- test.SuiteTestCases -->
