<?xml version="1.0" encoding="UTF-8"?>
<!-- Generated by org.testng.reporters.JUnitReportReporter -->
<testsuite hostname="EPESMALW03F9" failures="0" tests="3" name="innocv.SuiteTestCases" time="61.142" errors="0" timestamp="2023-02-04T13:08:08 CET" skipped="0">
  <testcase classname="innocv.SuiteTestCases" name="isPhoneNumberSame" time="21.162"/>
  <system-out/>
  <testcase classname="innocv.SuiteTestCases" name="isTextShowingMultipleTimes" time="21.581"/>
  <system-out/>
  <testcase classname="innocv.SuiteTestCases" name="isWarningMessageshow" time="18.399"/>
  <system-out/>
</testsuite> <!-- innocv.SuiteTestCases -->
